Created by PLY version 3.11 (http://www.dabeaz.com/ply)

Grammar

Rule 0     S' -> command
Rule 1     command -> OPERATE WEBBROWSER
Rule 2     command -> OPERATE WEBBROWSER BROWSER_ARG
Rule 3     command -> OPERATE WEBBROWSER BROWSER_ARG PAGE

Terminals, with rules where they appear

BROWSER_ARG          : 2 3
OPERATE              : 1 2 3
PAGE                 : 3
WEBBROWSER           : 1 2 3
error                : 

Nonterminals, with rules where they appear

command              : 0

Parsing method: LALR

state 0

    (0) S' -> . command
    (1) command -> . OPERATE WEBBROWSER
    (2) command -> . OPERATE WEBBROWSER BROWSER_ARG
    (3) command -> . OPERATE WEBBROWSER BROWSER_ARG PAGE

    OPERATE         shift and go to state 2

    command                        shift and go to state 1

state 1

    (0) S' -> command .



state 2

    (1) command -> OPERATE . WEBBROWSER
    (2) command -> OPERATE . WEBBROWSER BROWSER_ARG
    (3) command -> OPERATE . WEBBROWSER BROWSER_ARG PAGE

    WEBBROWSER      shift and go to state 3


state 3

    (1) command -> OPERATE WEBBROWSER .
    (2) command -> OPERATE WEBBROWSER . BROWSER_ARG
    (3) command -> OPERATE WEBBROWSER . BROWSER_ARG PAGE

    $end            reduce using rule 1 (command -> OPERATE WEBBROWSER .)
    BROWSER_ARG     shift and go to state 4


state 4

    (2) command -> OPERATE WEBBROWSER BROWSER_ARG .
    (3) command -> OPERATE WEBBROWSER BROWSER_ARG . PAGE

    $end            reduce using rule 2 (command -> OPERATE WEBBROWSER BROWSER_ARG .)
    PAGE            shift and go to state 5


state 5

    (3) command -> OPERATE WEBBROWSER BROWSER_ARG PAGE .

    $end            reduce using rule 3 (command -> OPERATE WEBBROWSER BROWSER_ARG PAGE .)

